# JRE version: Java(TM) SE Runtime Environment (8.0_65-b17) (build 1.8.0_65-b17)
# Java VM: Java HotSpot(TM) 64-Bit Server VM (25.65-b01 mixed mode windows-amd64 compressed oops)
Heap:
 PSYoungGen      total 432640K, used 153501K [0x00000000d5c00000, 0x00000000f1100000, 0x0000000100000000)
  eden space 417792K, 35% used [0x00000000d5c00000,0x00000000dee4f5e0,0x00000000ef400000)
  from space 14848K, 24% used [0x00000000ef400000,0x00000000ef798010,0x00000000f0280000)
  to   space 14848K, 0% used [0x00000000f0280000,0x00000000f0280000,0x00000000f1100000)
 ParOldGen       total 87552K, used 46061K [0x0000000081400000, 0x0000000086980000, 0x00000000d5c00000)
  object space 87552K, 52% used [0x0000000081400000,0x00000000840fb478,0x0000000086980000)
 Metaspace       used 4032K, capacity 4672K, committed 4864K, reserved 1056768K
  class space    used 412K, capacity 432K, committed 512K, reserved 1048576K
GC Heap History (10 events):
Event: 4.705 GC heap before
{Heap before GC invocations=9 (full 0):
 PSYoungGen      total 270336K, used 270320K [0x00000000d5c00000, 0x00000000e7900000, 0x0000000100000000)
  eden space 261120K, 100% used [0x00000000d5c00000,0x00000000e5b00000,0x00000000e5b00000)
  from space 9216K, 99% used [0x00000000e6800000,0x00000000e70fc050,0x00000000e7100000)
  to   space 13312K, 0% used [0x00000000e5b00000,0x00000000e5b00000,0x00000000e6800000)
 ParOldGen       total 87552K, used 18188K [0x0000000081400000, 0x0000000086980000, 0x00000000d5c00000)
  object space 87552K, 20% used [0x0000000081400000,0x00000000825c33e8,0x0000000086980000)
 Metaspace       used 4017K, capacity 4672K, committed 4864K, reserved 1056768K
  class space    used 412K, capacity 432K, committed 512K, reserved 1048576K
Event: 4.714 GC heap after
Heap after GC invocations=9 (full 0):
 PSYoungGen      total 274432K, used 12240K [0x00000000d5c00000, 0x00000000f1100000, 0x0000000100000000)
  eden space 261120K, 0% used [0x00000000d5c00000,0x00000000d5c00000,0x00000000e5b00000)
  from space 13312K, 91% used [0x00000000e5b00000,0x00000000e66f4070,0x00000000e6800000)
  to   space 14848K, 0% used [0x00000000f0280000,0x00000000f0280000,0x00000000f1100000)
 ParOldGen       total 87552K, used 30821K [0x0000000081400000, 0x0000000086980000, 0x00000000d5c00000)
  object space 87552K, 35% used [0x0000000081400000,0x0000000083219408,0x0000000086980000)
 Metaspace       used 4017K, capacity 4672K, committed 4864K, reserved 1056768K
  class space    used 412K, capacity 432K, committed 512K, reserved 1048576K
}
Event: 8.111 GC heap before
{Heap before GC invocations=10 (full 0):
 PSYoungGen      total 274432K, used 273360K [0x00000000d5c00000, 0x00000000f1100000, 0x0000000100000000)
  eden space 261120K, 100% used [0x00000000d5c00000,0x00000000e5b00000,0x00000000e5b00000)
  from space 13312K, 91% used [0x00000000e5b00000,0x00000000e66f4070,0x00000000e6800000)
  to   space 14848K, 0% used [0x00000000f0280000,0x00000000f0280000,0x00000000f1100000)
 ParOldGen       total 87552K, used 30821K [0x0000000081400000, 0x0000000086980000, 0x00000000d5c00000)
  object space 87552K, 35% used [0x0000000081400000,0x0000000083219408,0x0000000086980000)
 Metaspace       used 4018K, capacity 4672K, committed 4864K, reserved 1056768K
  class space    used 412K, capacity 432K, committed 512K, reserved 1048576K
Event: 8.117 GC heap after
Heap after GC invocations=10 (full 0):
 PSYoungGen      total 432640K, used 8544K [0x00000000d5c00000, 0x00000000f1100000, 0x0000000100000000)
  eden space 417792K, 0% used [0x00000000d5c00000,0x00000000d5c00000,0x00000000ef400000)
  from space 14848K, 57% used [0x00000000f0280000,0x00000000f0ad8040,0x00000000f1100000)
  to   space 14848K, 0% used [0x00000000ef400000,0x00000000ef400000,0x00000000f0280000)
 ParOldGen       total 87552K, used 37613K [0x0000000081400000, 0x0000000086980000, 0x00000000d5c00000)
  object space 87552K, 42% used [0x0000000081400000,0x00000000838bb438,0x0000000086980000)
 Metaspace       used 4018K, capacity 4672K, committed 4864K, reserved 1056768K
  class space    used 412K, capacity 432K, committed 512K, reserved 1048576K
}
Event: 14.784 GC heap before
{Heap before GC invocations=11 (full 0):
 PSYoungGen      total 432640K, used 426336K [0x00000000d5c00000, 0x00000000f1100000, 0x0000000100000000)
  eden space 417792K, 100% used [0x00000000d5c00000,0x00000000ef400000,0x00000000ef400000)
  from space 14848K, 57% used [0x00000000f0280000,0x00000000f0ad8040,0x00000000f1100000)
  to   space 14848K, 0% used [0x00000000ef400000,0x00000000ef400000,0x00000000f0280000)
 ParOldGen       total 87552K, used 37613K [0x0000000081400000, 0x0000000086980000, 0x00000000d5c00000)
  object space 87552K, 42% used [0x0000000081400000,0x00000000838bb438,0x0000000086980000)
 Metaspace       used 4021K, capacity 4672K, committed 4864K, reserved 1056768K
  class space    used 412K, capacity 432K, committed 512K, reserved 1048576K
Event: 14.796 GC heap after
Heap after GC invocations=11 (full 0):
 PSYoungGen      total 432640K, used 64K [0x00000000d5c00000, 0x00000000f1100000, 0x0000000100000000)
  eden space 417792K, 0% used [0x00000000d5c00000,0x00000000d5c00000,0x00000000ef400000)
  from space 14848K, 0% used [0x00000000ef400000,0x00000000ef410000,0x00000000f0280000)
  to   space 14848K, 0% used [0x00000000f0280000,0x00000000f0280000,0x00000000f1100000)
 ParOldGen       total 87552K, used 46045K [0x0000000081400000, 0x0000000086980000, 0x00000000d5c00000)
  object space 87552K, 52% used [0x0000000081400000,0x00000000840f7478,0x0000000086980000)
 Metaspace       used 4021K, capacity 4672K, committed 4864K, reserved 1056768K
  class space    used 412K, capacity 432K, committed 512K, reserved 1048576K
}
Event: 20.918 GC heap before
{Heap before GC invocations=12 (full 0):
 PSYoungGen      total 432640K, used 417856K [0x00000000d5c00000, 0x00000000f1100000, 0x0000000100000000)
  eden space 417792K, 100% used [0x00000000d5c00000,0x00000000ef400000,0x00000000ef400000)
  from space 14848K, 0% used [0x00000000ef400000,0x00000000ef410000,0x00000000f0280000)
  to   space 14848K, 0% used [0x00000000f0280000,0x00000000f0280000,0x00000000f1100000)
 ParOldGen       total 87552K, used 46045K [0x0000000081400000, 0x0000000086980000, 0x00000000d5c00000)
  object space 87552K, 52% used [0x0000000081400000,0x00000000840f7478,0x0000000086980000)
 Metaspace       used 4021K, capacity 4672K, committed 4864K, reserved 1056768K
  class space    used 412K, capacity 432K, committed 512K, reserved 1048576K
Event: 20.958 GC heap after
Heap after GC invocations=12 (full 0):
 PSYoungGen      total 432640K, used 3680K [0x00000000d5c00000, 0x00000000f1100000, 0x0000000100000000)
  eden space 417792K, 0% used [0x00000000d5c00000,0x00000000d5c00000,0x00000000ef400000)
  from space 14848K, 24% used [0x00000000f0280000,0x00000000f0618010,0x00000000f1100000)
  to   space 14848K, 0% used [0x00000000ef400000,0x00000000ef400000,0x00000000f0280000)
 ParOldGen       total 87552K, used 46045K [0x0000000081400000, 0x0000000086980000, 0x00000000d5c00000)
  object space 87552K, 52% used [0x0000000081400000,0x00000000840f7478,0x0000000086980000)
 Metaspace       used 4021K, capacity 4672K, committed 4864K, reserved 1056768K
  class space    used 412K, capacity 432K, committed 512K, reserved 1048576K
}
Event: 21.449 GC heap before
{Heap before GC invocations=13 (full 0):
 PSYoungGen      total 432640K, used 421472K [0x00000000d5c00000, 0x00000000f1100000, 0x0000000100000000)
  eden space 417792K, 100% used [0x00000000d5c00000,0x00000000ef400000,0x00000000ef400000)
  from space 14848K, 24% used [0x00000000f0280000,0x00000000f0618010,0x00000000f1100000)
  to   space 14848K, 0% used [0x00000000ef400000,0x00000000ef400000,0x00000000f0280000)
 ParOldGen       total 87552K, used 46045K [0x0000000081400000, 0x0000000086980000, 0x00000000d5c00000)
  object space 87552K, 52% used [0x0000000081400000,0x00000000840f7478,0x0000000086980000)
 Metaspace       used 4032K, capacity 4672K, committed 4864K, reserved 1056768K
  class space    used 412K, capacity 432K, committed 512K, reserved 1048576K
Event: 21.469 GC heap after
Heap after GC invocations=13 (full 0):
 PSYoungGen      total 432640K, used 3680K [0x00000000d5c00000, 0x00000000f1100000, 0x0000000100000000)
  eden space 417792K, 0% used [0x00000000d5c00000,0x00000000d5c00000,0x00000000ef400000)
  from space 14848K, 24% used [0x00000000ef400000,0x00000000ef798010,0x00000000f0280000)
  to   space 14848K, 0% used [0x00000000f0280000,0x00000000f0280000,0x00000000f1100000)
 ParOldGen       total 87552K, used 46061K [0x0000000081400000, 0x0000000086980000, 0x00000000d5c00000)
  object space 87552K, 52% used [0x0000000081400000,0x00000000840fb478,0x0000000086980000)
 Metaspace       used 4032K, capacity 4672K, committed 4864K, reserved 1056768K
  class space    used 412K, capacity 432K, committed 512K, reserved 1048576K
}

